Arguments: 
  C:\Program Files\nodejs\node.exe C:\Users\thovar\AppData\Roaming\npm\node_modules\@sanity\cli\vendor\yarn install --json --non-interactive --ignore-engines --registry https://registry.npmjs.org

PATH: 
  C:\Projects\TTWeb\sanity-vue-demo\studio\node_modules\.bin;C:\Projects\TTWeb\sanity-vue-demo\node_modules\.bin;C:\Projects\TTWeb\node_modules\.bin;C:\Projects\node_modules\.bin;C:\node_modules\.bin;C:\Program Files\nodejs;C:\Windows\system32;C:\Windows;C:\Windows\System32\Wbem;C:\Windows\System32\WindowsPowerShell\v1.0\;C:\Windows\System32\OpenSSH\;C:\Program Files (x86)\NVIDIA Corporation\PhysX\Common;C:\Program Files\NVIDIA Corporation\NVIDIA NvDLISR;C:\Program Files\dotnet\;C:\Program Files\Microsoft SQL Server\130\Tools\Binn\;C:\Program Files\Microsoft SQL Server\Client SDK\ODBC\170\Tools\Binn\;C:\Program Files\Git\cmd;C:\WINDOWS\system32;C:\WINDOWS;C:\WINDOWS\System32\Wbem;C:\WINDOWS\System32\WindowsPowerShell\v1.0\;C:\WINDOWS\System32\OpenSSH\;C:\Program Files\nodejs\;C:\Program Files (x86)\Intel\Intel(R) Management Engine Components\DAL;C:\Program Files\Intel\Intel(R) Management Engine Components\DAL;C:\Users\thovar\AppData\Local\Microsoft\WindowsApps;C:\Users\thovar\AppData\Local\Programs\Microsoft VS Code\bin;C:\Users\thovar\AppData\Local\GitHubDesktop\bin;C:\Users\thovar\.dotnet\tools;C:\Users\thovar\AppData\Roaming\npm;C:\Users\thovar\AppData\Local\Microsoft\WindowsApps;

Yarn version: 
  1.6.0

Node version: 
  14.12.0

Platform: 
  win32 x64

Trace: 
  Error: connect ENETUNREACH 104.16.23.35:443
      at TCPConnectWrap.afterConnect [as oncomplete] (net.js:1145:16)

npm manifest: 
  {
    "private": true,
    "name": "sanity-nuxt-events-studio",
    "version": "1.0.11",
    "main": "package.json",
    "author": "Sanity <hello@sanity.io>",
    "scripts": {
      "dev": "sanity start",
      "format": "prettier-eslint --write \"**/*.js\" \"!node_modules/**\"",
      "build": "sanity build",
      "graphql-deploy": "sanity graphql deploy --playground",
      "lint": "eslint .",
      "test": "sanity check"
    },
    "dependencies": {
      "@sanity/base": "^2.0.0",
      "@sanity/cli": "^2.0.0",
      "@sanity/components": "^2.0.0",
      "@sanity/core": "^2.0.0",
      "@sanity/dashboard": "^2.0.0",
      "@sanity/default-layout": "^2.0.0",
      "@sanity/default-login": "^2.0.0",
      "@sanity/desk-tool": "^2.0.0",
      "date-fns": "^1.30.1",
      "prop-types": "^15.7.2",
      "react": "^16.14.0",
      "react-dom": "^16.14.0",
      "react-icons": "^3.11.0",
      "sanity-plugin-dashboard-widget-document-list": "^0.0.11",
      "sanity-plugin-dashboard-widget-netlify": "^1.0.1"
    },
    "devDependencies": {
      "babel-eslint": "^10.0.2",
      "eslint": "^5.16.0",
      "eslint-config-standard": "^12.0.0",
      "eslint-config-standard-react": "^7.0.2",
      "eslint-plugin-import": "^2.17.2",
      "eslint-plugin-node": "^9.0.1",
      "eslint-plugin-promise": "^4.1.1",
      "eslint-plugin-react": "^7.19.0",
      "eslint-plugin-standard": "^4.0.0",
      "prettier-eslint-cli": "^4.7.1"
    }
  }

yarn manifest: 
  No manifest

Lockfile: 
  No lockfile
